Solver command line: ['/usr/local/bin/cbc', '-sec', '3600', '-timeMode', 'elapsed', '-ratioGap', '0.05', '-printingOptions', 'all', '-import', '/var/folders/v_/24wplqn96qn6_5qvt5jtq22m0000gn/T/tmpe7uj48av.pyomo.lp', '-stat=1', '-solve', '-solu', '/var/folders/v_/24wplqn96qn6_5qvt5jtq22m0000gn/T/tmpe7uj48av.pyomo.soln']

Welcome to the CBC MILP Solver 
Version: 2.10.5 
Build Date: Nov 17 2020 

command line - /usr/local/bin/cbc -sec 3600 -timeMode elapsed -ratioGap 0.05 -printingOptions all -import /var/folders/v_/24wplqn96qn6_5qvt5jtq22m0000gn/T/tmpe7uj48av.pyomo.lp -stat=1 -solve -solu /var/folders/v_/24wplqn96qn6_5qvt5jtq22m0000gn/T/tmpe7uj48av.pyomo.soln (default strategy 1)
seconds was changed from 1e+100 to 3600
Option for timeMode changed from cpu to elapsed
ratioGap was changed from 0 to 0.05
Option for printingOptions changed from normal to all
Presolve 20049 (-1) rows, 60008 (-1) columns and 120133 (-1) elements
Statistics for presolved model
Original problem has 60008 integers (60000 of which binary)
Presolved problem has 60008 integers (60000 of which binary)
==== 7 zero objective 102 different
==== absolute objective values 102 different
==== for integers 7 zero objective 102 different
==== for integers absolute objective values 102 different
===== end objective counts


Problem has 20049 rows, 60008 columns (60001 with objective) and 120133 elements
Column breakdown:
8 of type 0.0->inf, 0 of type 0.0->up, 0 of type lo->inf, 
0 of type lo->up, 0 of type free, 0 of type fixed, 
0 of type -inf->0.0, 0 of type -inf->up, 60000 of type 0.0->1.0 
Row breakdown:
7 of type E 0.0, 20000 of type E 1.0, 0 of type E -1.0, 
0 of type E other, 0 of type G 0.0, 0 of type G 1.0, 
0 of type G other, 42 of type L 0.0, 0 of type L 1.0, 
0 of type L other, 0 of type Range 0.0->1.0, 0 of type Range other, 
0 of type Free 
Continuous objective value is 515839 - 16.33 seconds
Cgl0003I 0 fixed, 1 tightened bounds, 0 strengthened rows, 0 substitutions
Cgl0004I processed model has 20049 rows, 60008 columns (60008 integer (60000 of which binary)) and 120133 elements
Cutoff increment increased from 1e-05 to 0.9999
Cbc0038I Initial state - 19 integers unsatisfied sum - 3.28571
Cbc0038I Pass   1: (33.55 seconds) suminf.    0.00000 (0) obj. 516838 iterations 4336
Cbc0038I Solution found of 516838
Cbc0038I Cleaned solution of 516838
Cbc0038I Before mini branch and bound, 59988 integers at bound fixed and 0 continuous
Cbc0038I Full problem 20049 rows 60008 columns, reduced to 45 rows 10 columns
Cbc0038I Mini branch and bound did not improve solution (33.75 seconds)
Cbc0038I Round again with cutoff of 516737
Cbc0038I Reduced cost fixing fixed 1 variables on major pass 2
Cbc0038I Pass   2: (34.75 seconds) suminf.    2.71429 (19) obj. 515878 iterations 1015
Cbc0038I Pass   3: (34.91 seconds) suminf.    2.71429 (19) obj. 516048 iterations 1974
Cbc0038I Pass   4: (35.14 seconds) suminf.    2.71429 (19) obj. 516048 iterations 1899
Cbc0038I Pass   5: (36.17 seconds) suminf.    3.91170 (21) obj. 516737 iterations 2694
Cbc0038I Pass   6: (37.05 seconds) suminf.    2.71429 (21) obj. 516737 iterations 2467
Cbc0038I Pass   7: (37.90 seconds) suminf.    4.02854 (21) obj. 516737 iterations 2539
Cbc0038I Pass   8: (38.63 seconds) suminf.    2.71429 (21) obj. 516737 iterations 2038
Cbc0038I Pass   9: (39.22 seconds) suminf.    3.35505 (21) obj. 516737 iterations 1736
Cbc0038I Pass  10: (39.79 seconds) suminf.    2.71429 (21) obj. 516737 iterations 1499
Cbc0038I Pass  11: (40.34 seconds) suminf.    3.03033 (21) obj. 516737 iterations 1377
Cbc0038I Pass  12: (41.36 seconds) suminf.    4.57169 (21) obj. 516737 iterations 2689
Cbc0038I Pass  13: (42.07 seconds) suminf.    2.92467 (20) obj. 516737 iterations 1892
Cbc0038I Pass  14: (42.72 seconds) suminf.    4.74142 (21) obj. 516737 iterations 4068
Cbc0038I Pass  15: (43.84 seconds) suminf.    3.11846 (20) obj. 516737 iterations 3381
Cbc0038I Pass  16: (45.12 seconds) suminf.    4.81572 (21) obj. 516737 iterations 4075
Cbc0038I Pass  17: (46.57 seconds) suminf.    2.71429 (21) obj. 516737 iterations 3917
Cbc0038I Pass  18: (47.06 seconds) suminf.    3.92728 (21) obj. 516737 iterations 1437
Cbc0038I Pass  19: (47.43 seconds) suminf.    2.71429 (19) obj. 516733 iterations 1329
Cbc0038I Pass  20: (47.84 seconds) suminf.    2.97490 (21) obj. 516737 iterations 1331
Cbc0038I Pass  21: (48.88 seconds) suminf.    3.85714 (21) obj. 516737 iterations 2661
Cbc0038I Pass  22: (49.78 seconds) suminf.    2.71429 (20) obj. 516737 iterations 2378
Cbc0038I Pass  23: (50.53 seconds) suminf.    3.85714 (21) obj. 516737 iterations 2111
Cbc0038I Pass  24: (51.08 seconds) suminf.    2.71429 (21) obj. 516737 iterations 1487
Cbc0038I Pass  25: (51.72 seconds) suminf.    4.14286 (21) obj. 516737 iterations 1650
Cbc0038I Pass  26: (52.28 seconds) suminf.    2.71429 (21) obj. 516737 iterations 1550
Cbc0038I Pass  27: (53.11 seconds) suminf.    3.46840 (21) obj. 516737 iterations 2304
Cbc0038I Pass  28: (53.64 seconds) suminf.    2.71429 (21) obj. 516737 iterations 2334
Cbc0038I Pass  29: (54.40 seconds) suminf.    2.77395 (21) obj. 516737 iterations 2089
Cbc0038I Pass  30: (55.32 seconds) suminf.    3.57143 (21) obj. 516737 iterations 2564
Cbc0038I Pass  31: (55.97 seconds) suminf.    2.71429 (21) obj. 516737 iterations 1729
Cbc0038I No solution found this major pass
Cbc0038I Before mini branch and bound, 59583 integers at bound fixed and 0 continuous
Cbc0038I Full problem 20049 rows 60008 columns, reduced to 55 rows 209 columns
Cbc0038I Mini branch and bound did not improve solution (56.08 seconds)
Cbc0038I After 56.08 seconds - Feasibility pump exiting with objective of 516838 - took 24.47 seconds
Cbc0012I Integer solution of 516838 found by feasibility pump after 0 iterations and 0 nodes (56.10 seconds)
Cbc0011I Exiting as integer gap of 999.42857 less than 1e-10 or 5%
Cbc0001I Search completed - best objective 516838, took 0 iterations and 0 nodes (56.16 seconds)
Cbc0035I Maximum depth 0, 0 variables fixed on reduced cost
Cuts at root node changed objective from 515839 to 515839
Probing was tried 0 times and created 0 cuts of which 0 were active after adding rounds of cuts (0.000 seconds)
Gomory was tried 0 times and created 0 cuts of which 0 were active after adding rounds of cuts (0.000 seconds)
Knapsack was tried 0 times and created 0 cuts of which 0 were active after adding rounds of cuts (0.000 seconds)
Clique was tried 0 times and created 0 cuts of which 0 were active after adding rounds of cuts (0.000 seconds)
MixedIntegerRounding2 was tried 0 times and created 0 cuts of which 0 were active after adding rounds of cuts (0.000 seconds)
FlowCover was tried 0 times and created 0 cuts of which 0 were active after adding rounds of cuts (0.000 seconds)
TwoMirCuts was tried 0 times and created 0 cuts of which 0 were active after adding rounds of cuts (0.000 seconds)
ZeroHalf was tried 0 times and created 0 cuts of which 0 were active after adding rounds of cuts (0.000 seconds)

Result - Optimal solution found (within gap tolerance)

Objective value:                516838.00000000
Lower bound:                    515838.571
Gap:                            0.00
Enumerated nodes:               0
Total iterations:               0
Time (CPU seconds):             55.67
Time (Wallclock seconds):       56.30

Total time (CPU seconds):       60.44   (Wallclock seconds):       61.10


